584123895689:ENCOLADO ans_6fec8d77-bd2b-419d-bc33-bb2964dbe5a6
EJECUTANDO:ans_6fec8d77-bd2b-419d-bc33-bb2964dbe5a6
584123895689:SUCCESS
584123895689:ENCOLADO ans_cad5538d-79cc-410d-8bf4-38ac4a653929
EJECUTANDO:ans_cad5538d-79cc-410d-8bf4-38ac4a653929
584123895689:SUCCESS
584123895689:ENCOLADO ans_c1db53c4-d46d-489a-aa12-b2558ff781bf
EJECUTANDO:ans_c1db53c4-d46d-489a-aa12-b2558ff781bf
584123895689:SUCCESS
584123895689:ENCOLADO ans_09eda084-f838-452d-ab86-5e46ad126489
EJECUTANDO:ans_09eda084-f838-452d-ab86-5e46ad126489
584123895689:SUCCESS
584123895689:ENCOLADO ans_6fec8d77-bd2b-419d-bc33-bb2964dbe5a6
EJECUTANDO:ans_6fec8d77-bd2b-419d-bc33-bb2964dbe5a6
584123895689:SUCCESS
584123895689:ENCOLADO ans_cad5538d-79cc-410d-8bf4-38ac4a653929
EJECUTANDO:ans_cad5538d-79cc-410d-8bf4-38ac4a653929
584123895689:SUCCESS
584123895689:ENCOLADO ans_c1db53c4-d46d-489a-aa12-b2558ff781bf
EJECUTANDO:ans_c1db53c4-d46d-489a-aa12-b2558ff781bf
584123895689:SUCCESS
584123895689:ENCOLADO ans_09eda084-f838-452d-ab86-5e46ad126489
EJECUTANDO:ans_09eda084-f838-452d-ab86-5e46ad126489
584123895689:SUCCESS
584123895689:ENCOLADO ans_5ee13689-4f7a-4314-9488-281fb9d730b0
EJECUTANDO:ans_5ee13689-4f7a-4314-9488-281fb9d730b0
584123895689:SUCCESS
584123895689:ENCOLADO ans_da66e501-7ae0-402a-ab67-47e0a405e05f
EJECUTANDO:ans_da66e501-7ae0-402a-ab67-47e0a405e05f
584123895689:SUCCESS
584123895689:ENCOLADO ans_75e056ef-25ae-4161-b6e3-16bbb60c6969
EJECUTANDO:ans_75e056ef-25ae-4161-b6e3-16bbb60c6969
584123895689:SUCCESS
584123895689:ENCOLADO ans_d04c9496-1184-41a4-ba2b-d98d5b049710
EJECUTANDO:ans_d04c9496-1184-41a4-ba2b-d98d5b049710
584123895689:SUCCESS
584123895689:ENCOLADO ans_6f4f53a3-06a3-432d-9772-66c1ef8a25d4
EJECUTANDO:ans_6f4f53a3-06a3-432d-9772-66c1ef8a25d4
584123895689:SUCCESS
584123895689:ENCOLADO ans_6fec8d77-bd2b-419d-bc33-bb2964dbe5a6
EJECUTANDO:ans_6fec8d77-bd2b-419d-bc33-bb2964dbe5a6
584123895689:SUCCESS
584123895689:ENCOLADO ans_cad5538d-79cc-410d-8bf4-38ac4a653929
EJECUTANDO:ans_cad5538d-79cc-410d-8bf4-38ac4a653929
584123895689:SUCCESS
584123895689:ENCOLADO ans_c1db53c4-d46d-489a-aa12-b2558ff781bf
EJECUTANDO:ans_c1db53c4-d46d-489a-aa12-b2558ff781bf
584123895689:SUCCESS
584123895689:ENCOLADO ans_09eda084-f838-452d-ab86-5e46ad126489
EJECUTANDO:ans_09eda084-f838-452d-ab86-5e46ad126489
584123895689:SUCCESS
584123895689:ENCOLADO ans_5ee13689-4f7a-4314-9488-281fb9d730b0
EJECUTANDO:ans_5ee13689-4f7a-4314-9488-281fb9d730b0
584123895689:SUCCESS
584123895689:ENCOLADO ans_da66e501-7ae0-402a-ab67-47e0a405e05f
EJECUTANDO:ans_da66e501-7ae0-402a-ab67-47e0a405e05f
584123895689:SUCCESS
584123895689:ENCOLADO ans_75e056ef-25ae-4161-b6e3-16bbb60c6969
EJECUTANDO:ans_75e056ef-25ae-4161-b6e3-16bbb60c6969
584123895689:SUCCESS
584123895689:ENCOLADO ans_d04c9496-1184-41a4-ba2b-d98d5b049710
EJECUTANDO:ans_d04c9496-1184-41a4-ba2b-d98d5b049710
584123895689:SUCCESS
584123895689:ENCOLADO ans_6f4f53a3-06a3-432d-9772-66c1ef8a25d4
EJECUTANDO:ans_6f4f53a3-06a3-432d-9772-66c1ef8a25d4
584123895689:SUCCESS
584123895689:ENCOLADO ans_6fec8d77-bd2b-419d-bc33-bb2964dbe5a6
EJECUTANDO:ans_6fec8d77-bd2b-419d-bc33-bb2964dbe5a6
584123895689:SUCCESS
584123895689:ENCOLADO ans_cad5538d-79cc-410d-8bf4-38ac4a653929
EJECUTANDO:ans_cad5538d-79cc-410d-8bf4-38ac4a653929
584123895689:SUCCESS
584123895689:ENCOLADO ans_c1db53c4-d46d-489a-aa12-b2558ff781bf
EJECUTANDO:ans_c1db53c4-d46d-489a-aa12-b2558ff781bf
584123895689:SUCCESS
584123895689:ENCOLADO ans_09eda084-f838-452d-ab86-5e46ad126489
EJECUTANDO:ans_09eda084-f838-452d-ab86-5e46ad126489
584123895689:SUCCESS
584123895689:ENCOLADO ans_5ee13689-4f7a-4314-9488-281fb9d730b0
EJECUTANDO:ans_5ee13689-4f7a-4314-9488-281fb9d730b0
584123895689:SUCCESS
584123895689:ENCOLADO ans_da66e501-7ae0-402a-ab67-47e0a405e05f
EJECUTANDO:ans_da66e501-7ae0-402a-ab67-47e0a405e05f
584123895689:SUCCESS
584123895689:ENCOLADO ans_75e056ef-25ae-4161-b6e3-16bbb60c6969
EJECUTANDO:ans_75e056ef-25ae-4161-b6e3-16bbb60c6969
584123895689:SUCCESS
584123895689:ENCOLADO ans_d04c9496-1184-41a4-ba2b-d98d5b049710
EJECUTANDO:ans_d04c9496-1184-41a4-ba2b-d98d5b049710
584123895689:SUCCESS
584123895689:ENCOLADO ans_6f4f53a3-06a3-432d-9772-66c1ef8a25d4
EJECUTANDO:ans_6f4f53a3-06a3-432d-9772-66c1ef8a25d4
584123895689:SUCCESS
584123895689:ENCOLADO ans_6fec8d77-bd2b-419d-bc33-bb2964dbe5a6
EJECUTANDO:ans_6fec8d77-bd2b-419d-bc33-bb2964dbe5a6
584123895689:SUCCESS
584123895689:ENCOLADO ans_cad5538d-79cc-410d-8bf4-38ac4a653929
EJECUTANDO:ans_cad5538d-79cc-410d-8bf4-38ac4a653929
584123895689:SUCCESS
584123895689:ENCOLADO ans_c1db53c4-d46d-489a-aa12-b2558ff781bf
EJECUTANDO:ans_c1db53c4-d46d-489a-aa12-b2558ff781bf
584123895689:SUCCESS
584123895689:ENCOLADO ans_09eda084-f838-452d-ab86-5e46ad126489
EJECUTANDO:ans_09eda084-f838-452d-ab86-5e46ad126489
584123895689:SUCCESS
584123895689:ENCOLADO ans_5aca5c98-60ff-42f9-968f-ad0bc3bf6001
EJECUTANDO:ans_5aca5c98-60ff-42f9-968f-ad0bc3bf6001
584123895689:SUCCESS
584123895689:ENCOLADO ans_1a41fe6c-a5cf-4568-babf-2830dca21a80
EJECUTANDO:ans_1a41fe6c-a5cf-4568-babf-2830dca21a80
584123895689:SUCCESS
584123895689:ENCOLADO ans_ef08701d-8a88-4d93-ac54-3a71ac89c8b6
EJECUTANDO:ans_ef08701d-8a88-4d93-ac54-3a71ac89c8b6
584123895689:SUCCESS
584123895689:ENCOLADO ans_e10e94f9-13ad-42dd-8b5d-2b7c4ce201da
EJECUTANDO:ans_e10e94f9-13ad-42dd-8b5d-2b7c4ce201da
584123895689:SUCCESS
584123895689:ENCOLADO ans_16ebe871-4034-4a52-b434-2541eba5174a
EJECUTANDO:ans_16ebe871-4034-4a52-b434-2541eba5174a
584123895689:SUCCESS
584123895689:ENCOLADO ans_202125e0-61fa-48ce-9214-c3411c68cb42
EJECUTANDO:ans_202125e0-61fa-48ce-9214-c3411c68cb42
584123895689:SUCCESS
584123895689:ENCOLADO ans_d53e5791-97bf-408e-85be-d622515fb6d2
EJECUTANDO:ans_d53e5791-97bf-408e-85be-d622515fb6d2
584123895689:SUCCESS
584123895689:ENCOLADO ans_291af944-9dee-4eb8-98c5-64e10e3c54fa
EJECUTANDO:ans_291af944-9dee-4eb8-98c5-64e10e3c54fa
584123895689:SUCCESS
584123895689:ENCOLADO ans_6fec8d77-bd2b-419d-bc33-bb2964dbe5a6
EJECUTANDO:ans_6fec8d77-bd2b-419d-bc33-bb2964dbe5a6
584123895689:SUCCESS
584123895689:ENCOLADO ans_cad5538d-79cc-410d-8bf4-38ac4a653929
EJECUTANDO:ans_cad5538d-79cc-410d-8bf4-38ac4a653929
584123895689:SUCCESS
584123895689:ENCOLADO ans_c1db53c4-d46d-489a-aa12-b2558ff781bf
EJECUTANDO:ans_c1db53c4-d46d-489a-aa12-b2558ff781bf
584123895689:SUCCESS
